2025-10-22 19:34:19,378 - INFO - Répertoire racine: D:\Challenge AESS&IES
2025-10-22 19:34:19,382 - INFO - Input: D:\Challenge AESS&IES\data\dataset\pro_eps_dataset.csv
2025-10-22 19:34:19,385 - INFO - Output AI Training: D:\Challenge AESS&IES\data\ai_training_base
2025-10-22 19:34:19,387 - INFO - Output Dataset: D:\Challenge AESS&IES\data\dataset
2025-10-22 19:34:19,391 - INFO - Output Analyse: D:\Challenge AESS&IES\data\analyse
2025-10-22 19:34:19,394 - INFO - DÉMARRAGE GÉNÉRATION BASE IA COMPLEXE
2025-10-22 19:34:19,397 - INFO - Générateur initialisé - Fenêtre: 30, Stride: 5
2025-10-22 19:34:19,400 - INFO - Chargement des données depuis: D:\Challenge AESS&IES\data\dataset\pro_eps_dataset.csv
2025-10-22 19:34:19,430 - INFO - Données chargées: 5963 lignes, 31 colonnes
2025-10-22 19:34:19,439 - INFO - Génération des séquences temporelles...
2025-10-22 19:34:19,658 - INFO - Progression: 100/1187 fenêtres
2025-10-22 19:34:19,923 - INFO - Progression: 200/1187 fenêtres
2025-10-22 19:34:20,144 - INFO - Progression: 300/1187 fenêtres
2025-10-22 19:34:20,396 - INFO - Progression: 400/1187 fenêtres
2025-10-22 19:34:20,644 - INFO - Progression: 500/1187 fenêtres
2025-10-22 19:34:20,900 - INFO - Progression: 600/1187 fenêtres
2025-10-22 19:34:21,150 - INFO - Progression: 700/1187 fenêtres
2025-10-22 19:34:21,398 - INFO - Progression: 800/1187 fenêtres
2025-10-22 19:34:21,648 - INFO - Progression: 900/1187 fenêtres
2025-10-22 19:34:21,904 - INFO - Progression: 1000/1187 fenêtres
2025-10-22 19:34:22,151 - INFO - Progression: 1100/1187 fenêtres
2025-10-22 19:34:22,382 - INFO - Génération brute terminée: 1187 séquences créées
2025-10-22 19:34:22,385 - INFO - Nettoyage des données (NaN/Inf)...
2025-10-22 19:34:22,389 - WARNING - 296 valeurs NaN/Inf détectées dans les séquences
2025-10-22 19:34:22,396 - WARNING - 277 valeurs NaN/Inf détectées dans les features dérivées
2025-10-22 19:34:22,400 - INFO - Nettoyage NaN/Inf terminé
2025-10-22 19:34:22,403 - INFO - Application de la normalisation cohérente...
2025-10-22 19:34:22,411 - INFO - Normalisation séquences appliquée - Mean: [ 7.74   0.744  4.796  7.693  0.49  10.006  0.757], Scale: [ 0.846  1.337 17.967  0.55   0.152  7.673  0.673]
2025-10-22 19:34:22,418 - INFO - Features dérivées normalisées - 42 features
2025-10-22 19:34:22,423 - INFO - Sauvegarde des datasets...
2025-10-22 19:34:22,429 - INFO - Séquences sauvegardées: (1187, 30, 7)
2025-10-22 19:34:22,433 - INFO - Labels sauvegardés: 1187
2025-10-22 19:34:22,438 - INFO - Features dérivées sauvegardées: (1187, 42)
2025-10-22 19:34:22,445 - INFO - Scalers sauvegardés
2025-10-22 19:34:22,457 - INFO - CSV étendu sauvegardé: 1187 lignes
2025-10-22 19:34:22,461 - INFO - Configuration avec traçabilité sauvegardée
2025-10-22 19:34:22,465 - INFO - Génération des statistiques...
2025-10-22 19:34:22,470 - INFO - Génération des visualisations...
2025-10-22 19:34:23,511 - INFO - Visualisations sauvegardées dans: D:\Challenge AESS&IES\data\analyse\visualizations
2025-10-22 19:34:23,524 - INFO - === STATISTIQUES FINALES ===
2025-10-22 19:34:23,528 - INFO - Total séquences: 1187
2025-10-22 19:34:23,532 - INFO -   NORMAL: 0 (0.0%)
2025-10-22 19:34:23,535 - INFO -   WARNING: 768 (64.7%)
2025-10-22 19:34:23,538 - INFO -   CRITICAL: 419 (35.3%)
2025-10-22 19:34:23,541 - INFO - Shape séquences: (1187, 30, 7)
2025-10-22 19:34:23,544 - INFO - Shape features: (1187, 42)
2025-10-22 19:34:23,551 - INFO - GÉNÉRATION TERMINÉE AVEC SUCCÈS
2025-10-22 19:34:23,555 - INFO - RÉSULTATS: 1187 séquences générées
2025-10-22 19:34:23,558 - INFO - DOSSIER AI Training: D:\Challenge AESS&IES\data\ai_training_base
2025-10-22 19:34:23,561 - INFO - DOSSIER Dataset: D:\Challenge AESS&IES\data\dataset
2025-10-22 19:34:23,565 - INFO - DOSSIER Analyse: D:\Challenge AESS&IES\data\analyse
2025-10-22 19:34:23,569 - INFO - PRÊT POUR L'ENTRAÎNEMENT DE MODÈLES LSTM/AUTOENCODER!
